C51 COMPILER V9.60.0.0   MAIN                                                              10/24/2022 21:42:18 PAGE 1   


C51 COMPILER V9.60.0.0, COMPILATION OF MODULE MAIN
OBJECT MODULE PLACED IN .\Objects\main.obj
COMPILER INVOKED BY: D:\keil 5\C51\BIN\C51.EXE main.c OPTIMIZE(8,SPEED) BROWSE DEBUG OBJECTEXTEND PRINT(.\Listings\main.
                    -lst) TABS(2) OBJECT(.\Objects\main.obj)

line level    source

   1          #include <at89c51RC2.h>
   2          #include "Delay.h"
   3          #include "LCD1602.h"
   4          #include "MatrixKey.h"
   5          
   6          unsigned char KeyNum;
   7          unsigned int PassWord,Count;
   8          void main()
   9          {
  10   1        LCD_Init();
  11   1        LCD_ShowString(1,1,"PassWord:");
  12   1        while(1)
  13   1        {
  14   2        KeyNum=MatrixKey();
  15   2          if(KeyNum)
  16   2          {
  17   3            if(KeyNum<=10)  //如果s1~s10被按下，输入密码
  18   3            {
  19   4              if(Count<4) //计次判断
  20   4              {
  21   5                PassWord*=10; //密码左移一位
  22   5                PassWord+=KeyNum%10;//获取一位密码
  23   5              
  24   5              }
  25   4              Count++;  //计次加一
  26   4              LCD_ShowNum(2,1,PassWord,4); //更新显示
  27   4            }
  28   3            if(KeyNum==11)  //定义s11为确认键
  29   3            {
  30   4              if(PassWord==0001)  //判断密码正确性并设置密码
  31   4              {
  32   5                LCD_ShowString(1,11,"OK   "); //显示正确
  33   5                Count=0;  //计次清零
  34   5                PassWord=0; //密码清零
  35   5                LCD_ShowNum(2,1,PassWord,4); //更新显示
  36   5              }
  37   4              else
  38   4              {
  39   5                LCD_ShowString(1,11,"ERROR");   //显示错误
  40   5                Count=0;  //计次清零
  41   5                PassWord=0; //密码清零
  42   5                LCD_ShowNum(2,1,PassWord,4); //更新显示
  43   5              }
  44   4            }
  45   3            if(KeyNum==12)
  46   3            {
  47   4              Count=0;  //计次清零
  48   4              PassWord=0; //密码清零
  49   4              LCD_ShowNum(2,1,PassWord,4); //更新显示
  50   4            }
  51   3      
  52   3          }
  53   2        }
  54   1      }
C51 COMPILER V9.60.0.0   MAIN                                                              10/24/2022 21:42:18 PAGE 2   



MODULE INFORMATION:   STATIC OVERLAYABLE
   CODE SIZE        =    189    ----
   CONSTANT SIZE    =     22    ----
   XDATA SIZE       =   ----    ----
   PDATA SIZE       =   ----    ----
   DATA SIZE        =      5    ----
   IDATA SIZE       =   ----    ----
   BIT SIZE         =   ----    ----
END OF MODULE INFORMATION.


C51 COMPILATION COMPLETE.  0 WARNING(S),  0 ERROR(S)
